Command line invocation:
    /Applications/Xcode.app/Contents/Developer/usr/bin/xcodebuild -project Agron.xcodeproj -scheme Agron -destination "platform=iOS Simulator,name=iPhone 16" build

ComputePackagePrebuildTargetDependencyGraph

Prepare packages

CreateBuildRequest

SendProjectDescription

CreateBuildOperation

ComputeTargetDependencyGraph
note: Building targets in dependency order
note: Target dependency graph (1 target)
    Target 'Agron' in project 'Agron' (no dependencies)

GatherProvisioningInputs

CreateBuildDescription

ExecuteExternalTool /Applications/Xcode.app/Contents/Developer/Toolchains/XcodeDefault.xctoolchain/usr/bin/clang -v -E -dM -isysroot /Applications/Xcode.app/Contents/Developer/Platforms/iPhoneSimulator.platform/Developer/SDKs/iPhoneSimulator18.5.sdk -x c -c /dev/null

ExecuteExternalTool /Applications/Xcode.app/Contents/Developer/usr/bin/actool --print-asset-tag-combinations --output-format xml1 /Users/nmop/Documents/Agron APP/Agron/Agron/Assets.xcassets

ExecuteExternalTool /Applications/Xcode.app/Contents/Developer/usr/bin/actool --version --output-format xml1

ExecuteExternalTool /Applications/Xcode.app/Contents/Developer/Toolchains/XcodeDefault.xctoolchain/usr/bin/swiftc --version

ExecuteExternalTool /Applications/Xcode.app/Contents/Developer/Toolchains/XcodeDefault.xctoolchain/usr/bin/ld -version_details

Build description signature: a69c695ff8c214c3605a8170c9f37d83
Build description path: /Users/nmop/Library/Developer/Xcode/DerivedData/Agron-fixlhtmgfameqwgbayouzkxlpjxs/Build/Intermediates.noindex/XCBuildData/a69c695ff8c214c3605a8170c9f37d83.xcbuilddata
ClangStatCache /Applications/Xcode.app/Contents/Developer/Toolchains/XcodeDefault.xctoolchain/usr/bin/clang-stat-cache /Applications/Xcode.app/Contents/Developer/Platforms/iPhoneSimulator.platform/Developer/SDKs/iPhoneSimulator18.5.sdk /Users/nmop/Library/Developer/Xcode/DerivedData/SDKStatCaches.noindex/iphonesimulator18.5-22F76-d5fc8ad4295d2ef488fb7d0f804ce0c4.sdkstatcache
    cd /Users/nmop/Documents/Agron\ APP/Agron/Agron.xcodeproj
    /Applications/Xcode.app/Contents/Developer/Toolchains/XcodeDefault.xctoolchain/usr/bin/clang-stat-cache /Applications/Xcode.app/Contents/Developer/Platforms/iPhoneSimulator.platform/Developer/SDKs/iPhoneSimulator18.5.sdk -o /Users/nmop/Library/Developer/Xcode/DerivedData/SDKStatCaches.noindex/iphonesimulator18.5-22F76-d5fc8ad4295d2ef488fb7d0f804ce0c4.sdkstatcache

WriteAuxiliaryFile /Users/nmop/Library/Developer/Xcode/DerivedData/Agron-fixlhtmgfameqwgbayouzkxlpjxs/Build/Intermediates.noindex/Agron.build/Debug-iphonesimulator/Agron.build/Objects-normal/arm64/Agron.SwiftFileList (in target 'Agron' from project 'Agron')
    cd /Users/nmop/Documents/Agron\ APP/Agron
    write-file /Users/nmop/Library/Developer/Xcode/DerivedData/Agron-fixlhtmgfameqwgbayouzkxlpjxs/Build/Intermediates.noindex/Agron.build/Debug-iphonesimulator/Agron.build/Objects-normal/arm64/Agron.SwiftFileList

WriteAuxiliaryFile /Users/nmop/Library/Developer/Xcode/DerivedData/Agron-fixlhtmgfameqwgbayouzkxlpjxs/Build/Intermediates.noindex/Agron.build/Debug-iphonesimulator/Agron.build/Objects-normal/arm64/Agron.SwiftConstValuesFileList (in target 'Agron' from project 'Agron')
    cd /Users/nmop/Documents/Agron\ APP/Agron
    write-file /Users/nmop/Library/Developer/Xcode/DerivedData/Agron-fixlhtmgfameqwgbayouzkxlpjxs/Build/Intermediates.noindex/Agron.build/Debug-iphonesimulator/Agron.build/Objects-normal/arm64/Agron.SwiftConstValuesFileList

ProcessProductPackaging "" /Users/nmop/Library/Developer/Xcode/DerivedData/Agron-fixlhtmgfameqwgbayouzkxlpjxs/Build/Intermediates.noindex/Agron.build/Debug-iphonesimulator/Agron.build/Agron.app-Simulated.xcent (in target 'Agron' from project 'Agron')
    cd /Users/nmop/Documents/Agron\ APP/Agron
    
    Entitlements:
    
    {
    "application-identifier" = "825A9L79JG.com.codewithik.Agron";
}
    
    builtin-productPackagingUtility -entitlements -format xml -o /Users/nmop/Library/Developer/Xcode/DerivedData/Agron-fixlhtmgfameqwgbayouzkxlpjxs/Build/Intermediates.noindex/Agron.build/Debug-iphonesimulator/Agron.build/Agron.app-Simulated.xcent

WriteAuxiliaryFile /Users/nmop/Library/Developer/Xcode/DerivedData/Agron-fixlhtmgfameqwgbayouzkxlpjxs/Build/Intermediates.noindex/Agron.build/Debug-iphonesimulator/Agron.build/Objects-normal/arm64/Agron.LinkFileList (in target 'Agron' from project 'Agron')
    cd /Users/nmop/Documents/Agron\ APP/Agron
    write-file /Users/nmop/Library/Developer/Xcode/DerivedData/Agron-fixlhtmgfameqwgbayouzkxlpjxs/Build/Intermediates.noindex/Agron.build/Debug-iphonesimulator/Agron.build/Objects-normal/arm64/Agron.LinkFileList

ProcessProductPackagingDER /Users/nmop/Library/Developer/Xcode/DerivedData/Agron-fixlhtmgfameqwgbayouzkxlpjxs/Build/Intermediates.noindex/Agron.build/Debug-iphonesimulator/Agron.build/Agron.app-Simulated.xcent /Users/nmop/Library/Developer/Xcode/DerivedData/Agron-fixlhtmgfameqwgbayouzkxlpjxs/Build/Intermediates.noindex/Agron.build/Debug-iphonesimulator/Agron.build/Agron.app-Simulated.xcent.der (in target 'Agron' from project 'Agron')
    cd /Users/nmop/Documents/Agron\ APP/Agron
    /usr/bin/derq query -f xml -i /Users/nmop/Library/Developer/Xcode/DerivedData/Agron-fixlhtmgfameqwgbayouzkxlpjxs/Build/Intermediates.noindex/Agron.build/Debug-iphonesimulator/Agron.build/Agron.app-Simulated.xcent -o /Users/nmop/Library/Developer/Xcode/DerivedData/Agron-fixlhtmgfameqwgbayouzkxlpjxs/Build/Intermediates.noindex/Agron.build/Debug-iphonesimulator/Agron.build/Agron.app-Simulated.xcent.der --raw

CompileAssetCatalogVariant thinned /Users/nmop/Library/Developer/Xcode/DerivedData/Agron-fixlhtmgfameqwgbayouzkxlpjxs/Build/Products/Debug-iphonesimulator/Agron.app /Users/nmop/Documents/Agron\ APP/Agron/Agron/Assets.xcassets (in target 'Agron' from project 'Agron')
    cd /Users/nmop/Documents/Agron\ APP/Agron
    /Applications/Xcode.app/Contents/Developer/usr/bin/actool /Users/nmop/Documents/Agron\ APP/Agron/Agron/Assets.xcassets --compile /Users/nmop/Library/Developer/Xcode/DerivedData/Agron-fixlhtmgfameqwgbayouzkxlpjxs/Build/Intermediates.noindex/Agron.build/Debug-iphonesimulator/Agron.build/assetcatalog_output/thinned --output-format human-readable-text --notices --warnings --export-dependency-info /Users/nmop/Library/Developer/Xcode/DerivedData/Agron-fixlhtmgfameqwgbayouzkxlpjxs/Build/Intermediates.noindex/Agron.build/Debug-iphonesimulator/Agron.build/assetcatalog_dependencies_thinned --output-partial-info-plist /Users/nmop/Library/Developer/Xcode/DerivedData/Agron-fixlhtmgfameqwgbayouzkxlpjxs/Build/Intermediates.noindex/Agron.build/Debug-iphonesimulator/Agron.build/assetcatalog_generated_info.plist_thinned --app-icon AppIcon --accent-color AccentColor --compress-pngs --enable-on-demand-resources YES --filter-for-thinning-device-configuration iPhone17,3 --filter-for-device-os-version 18.5 --development-region en --target-device iphone --target-device ipad --minimum-deployment-target 18.5 --platform iphonesimulator
/* com.apple.actool.document.warnings */
/Users/nmop/Documents/Agron APP/Agron/Agron/Assets.xcassets:./AppIcon.appiconset/(null)[2d][1024x1024@1x.png]: warning: The app icon set "AppIcon" has 15 unassigned children.
/* com.apple.actool.compilation-results */
/Users/nmop/Library/Developer/Xcode/DerivedData/Agron-fixlhtmgfameqwgbayouzkxlpjxs/Build/Intermediates.noindex/Agron.build/Debug-iphonesimulator/Agron.build/assetcatalog_generated_info.plist_thinned


SwiftDriver Agron normal arm64 com.apple.xcode.tools.swift.compiler (in target 'Agron' from project 'Agron')
    cd /Users/nmop/Documents/Agron\ APP/Agron
    builtin-SwiftDriver -- /Applications/Xcode.app/Contents/Developer/Toolchains/XcodeDefault.xctoolchain/usr/bin/swiftc -module-name Agron -Onone -enforce-exclusivity\=checked @/Users/nmop/Library/Developer/Xcode/DerivedData/Agron-fixlhtmgfameqwgbayouzkxlpjxs/Build/Intermediates.noindex/Agron.build/Debug-iphonesimulator/Agron.build/Objects-normal/arm64/Agron.SwiftFileList -DDEBUG -enable-bare-slash-regex -enable-experimental-feature DebugDescriptionMacro -sdk /Applications/Xcode.app/Contents/Developer/Platforms/iPhoneSimulator.platform/Developer/SDKs/iPhoneSimulator18.5.sdk -target arm64-apple-ios18.5-simulator -g -module-cache-path /Users/nmop/Library/Developer/Xcode/DerivedData/ModuleCache.noindex -Xfrontend -serialize-debugging-options -profile-coverage-mapping -profile-generate -enable-testing -index-store-path /Users/nmop/Library/Developer/Xcode/DerivedData/Agron-fixlhtmgfameqwgbayouzkxlpjxs/Index.noindex/DataStore -swift-version 5 -I /Users/nmop/Library/Developer/Xcode/DerivedData/Agron-fixlhtmgfameqwgbayouzkxlpjxs/Build/Products/Debug-iphonesimulator -F /Users/nmop/Library/Developer/Xcode/DerivedData/Agron-fixlhtmgfameqwgbayouzkxlpjxs/Build/Products/Debug-iphonesimulator -emit-localized-strings -emit-localized-strings-path /Users/nmop/Library/Developer/Xcode/DerivedData/Agron-fixlhtmgfameqwgbayouzkxlpjxs/Build/Intermediates.noindex/Agron.build/Debug-iphonesimulator/Agron.build/Objects-normal/arm64 -c -j8 -enable-batch-mode -incremental -Xcc -ivfsstatcache -Xcc /Users/nmop/Library/Developer/Xcode/DerivedData/SDKStatCaches.noindex/iphonesimulator18.5-22F76-d5fc8ad4295d2ef488fb7d0f804ce0c4.sdkstatcache -output-file-map /Users/nmop/Library/Developer/Xcode/DerivedData/Agron-fixlhtmgfameqwgbayouzkxlpjxs/Build/Intermediates.noindex/Agron.build/Debug-iphonesimulator/Agron.build/Objects-normal/arm64/Agron-OutputFileMap.json -use-frontend-parseable-output -save-temps -no-color-diagnostics -serialize-diagnostics -emit-dependencies -emit-module -emit-module-path /Users/nmop/Library/Developer/Xcode/DerivedData/Agron-fixlhtmgfameqwgbayouzkxlpjxs/Build/Intermediates.noindex/Agron.build/Debug-iphonesimulator/Agron.build/Objects-normal/arm64/Agron.swiftmodule -validate-clang-modules-once -clang-build-session-file /Users/nmop/Library/Developer/Xcode/DerivedData/ModuleCache.noindex/Session.modulevalidation -Xcc -I/Users/nmop/Library/Developer/Xcode/DerivedData/Agron-fixlhtmgfameqwgbayouzkxlpjxs/Build/Intermediates.noindex/Agron.build/Debug-iphonesimulator/Agron.build/swift-overrides.hmap -emit-const-values -Xfrontend -const-gather-protocols-file -Xfrontend /Users/nmop/Library/Developer/Xcode/DerivedData/Agron-fixlhtmgfameqwgbayouzkxlpjxs/Build/Intermediates.noindex/Agron.build/Debug-iphonesimulator/Agron.build/Objects-normal/arm64/Agron_const_extract_protocols.json -Xcc -iquote -Xcc /Users/nmop/Library/Developer/Xcode/DerivedData/Agron-fixlhtmgfameqwgbayouzkxlpjxs/Build/Intermediates.noindex/Agron.build/Debug-iphonesimulator/Agron.build/Agron-generated-files.hmap -Xcc -I/Users/nmop/Library/Developer/Xcode/DerivedData/Agron-fixlhtmgfameqwgbayouzkxlpjxs/Build/Intermediates.noindex/Agron.build/Debug-iphonesimulator/Agron.build/Agron-own-target-headers.hmap -Xcc -I/Users/nmop/Library/Developer/Xcode/DerivedData/Agron-fixlhtmgfameqwgbayouzkxlpjxs/Build/Intermediates.noindex/Agron.build/Debug-iphonesimulator/Agron.build/Agron-all-target-headers.hmap -Xcc -iquote -Xcc /Users/nmop/Library/Developer/Xcode/DerivedData/Agron-fixlhtmgfameqwgbayouzkxlpjxs/Build/Intermediates.noindex/Agron.build/Debug-iphonesimulator/Agron.build/Agron-project-headers.hmap -Xcc -I/Users/nmop/Library/Developer/Xcode/DerivedData/Agron-fixlhtmgfameqwgbayouzkxlpjxs/Build/Products/Debug-iphonesimulator/include -Xcc -I/Users/nmop/Library/Developer/Xcode/DerivedData/Agron-fixlhtmgfameqwgbayouzkxlpjxs/Build/Intermediates.noindex/Agron.build/Debug-iphonesimulator/Agron.build/DerivedSources-normal/arm64 -Xcc -I/Users/nmop/Library/Developer/Xcode/DerivedData/Agron-fixlhtmgfameqwgbayouzkxlpjxs/Build/Intermediates.noindex/Agron.build/Debug-iphonesimulator/Agron.build/DerivedSources/arm64 -Xcc -I/Users/nmop/Library/Developer/Xcode/DerivedData/Agron-fixlhtmgfameqwgbayouzkxlpjxs/Build/Intermediates.noindex/Agron.build/Debug-iphonesimulator/Agron.build/DerivedSources -Xcc -DDEBUG\=1 -emit-objc-header -emit-objc-header-path /Users/nmop/Library/Developer/Xcode/DerivedData/Agron-fixlhtmgfameqwgbayouzkxlpjxs/Build/Intermediates.noindex/Agron.build/Debug-iphonesimulator/Agron.build/Objects-normal/arm64/Agron-Swift.h -working-directory /Users/nmop/Documents/Agron\ APP/Agron -experimental-emit-module-separately -disable-cmo

ProcessInfoPlistFile /Users/nmop/Library/Developer/Xcode/DerivedData/Agron-fixlhtmgfameqwgbayouzkxlpjxs/Build/Products/Debug-iphonesimulator/Agron.app/Info.plist /Users/nmop/Library/Developer/Xcode/DerivedData/Agron-fixlhtmgfameqwgbayouzkxlpjxs/Build/Intermediates.noindex/Agron.build/Debug-iphonesimulator/Agron.build/empty-Agron.plist (in target 'Agron' from project 'Agron')
    cd /Users/nmop/Documents/Agron\ APP/Agron
    builtin-infoPlistUtility /Users/nmop/Library/Developer/Xcode/DerivedData/Agron-fixlhtmgfameqwgbayouzkxlpjxs/Build/Intermediates.noindex/Agron.build/Debug-iphonesimulator/Agron.build/empty-Agron.plist -producttype com.apple.product-type.application -genpkginfo /Users/nmop/Library/Developer/Xcode/DerivedData/Agron-fixlhtmgfameqwgbayouzkxlpjxs/Build/Products/Debug-iphonesimulator/Agron.app/PkgInfo -expandbuildsettings -format binary -platform iphonesimulator -additionalcontentfile /Users/nmop/Library/Developer/Xcode/DerivedData/Agron-fixlhtmgfameqwgbayouzkxlpjxs/Build/Intermediates.noindex/Agron.build/Debug-iphonesimulator/Agron.build/assetcatalog_generated_info.plist -o /Users/nmop/Library/Developer/Xcode/DerivedData/Agron-fixlhtmgfameqwgbayouzkxlpjxs/Build/Products/Debug-iphonesimulator/Agron.app/Info.plist

SwiftCompile normal arm64 Compiling\ OrdersView.swift,\ Order.swift /Users/nmop/Documents/Agron\ APP/Agron/Agron/Views/Order/OrdersView.swift /Users/nmop/Documents/Agron\ APP/Agron/Agron/Models/Order.swift (in target 'Agron' from project 'Agron')

SwiftCompile normal arm64 /Users/nmop/Documents/Agron\ APP/Agron/Agron/Views/Order/OrdersView.swift (in target 'Agron' from project 'Agron')
    cd /Users/nmop/Documents/Agron\ APP/Agron
    

SwiftCompile normal arm64 /Users/nmop/Documents/Agron\ APP/Agron/Agron/Models/Order.swift (in target 'Agron' from project 'Agron')
    cd /Users/nmop/Documents/Agron\ APP/Agron
    

SwiftEmitModule normal arm64 Emitting\ module\ for\ Agron (in target 'Agron' from project 'Agron')

EmitSwiftModule normal arm64 (in target 'Agron' from project 'Agron')
    cd /Users/nmop/Documents/Agron\ APP/Agron
    

SwiftCompile normal arm64 Compiling\ CropDetailView.swift /Users/nmop/Documents/Agron\ APP/Agron/Agron/Views/Crop/CropDetailView.swift (in target 'Agron' from project 'Agron')
SwiftCompile normal arm64 /Users/nmop/Documents/Agron\ APP/Agron/Agron/Views/Crop/CropDetailView.swift (in target 'Agron' from project 'Agron')
    cd /Users/nmop/Documents/Agron\ APP/Agron
    

SwiftCompile normal arm64 Compiling\ DeliveryJob.swift /Users/nmop/Documents/Agron\ APP/Agron/Agron/Models/DeliveryJob.swift (in target 'Agron' from project 'Agron')

SwiftCompile normal arm64 /Users/nmop/Documents/Agron\ APP/Agron/Agron/Models/DeliveryJob.swift (in target 'Agron' from project 'Agron')
    cd /Users/nmop/Documents/Agron\ APP/Agron
    

SwiftCompile normal arm64 Compiling\ RegisterView.swift,\ OrderDetailView.swift /Users/nmop/Documents/Agron\ APP/Agron/Agron/Views/Auth/RegisterView.swift /Users/nmop/Documents/Agron\ APP/Agron/Agron/Views/Order/OrderDetailView.swift (in target 'Agron' from project 'Agron')

SwiftCompile normal arm64 /Users/nmop/Documents/Agron\ APP/Agron/Agron/Views/Auth/RegisterView.swift (in target 'Agron' from project 'Agron')
    cd /Users/nmop/Documents/Agron\ APP/Agron
    

SwiftCompile normal arm64 /Users/nmop/Documents/Agron\ APP/Agron/Agron/Views/Order/OrderDetailView.swift (in target 'Agron' from project 'Agron')
    cd /Users/nmop/Documents/Agron\ APP/Agron
    

SwiftCompile normal arm64 Compiling\ APIService.swift /Users/nmop/Documents/Agron\ APP/Agron/Agron/Services/APIService.swift (in target 'Agron' from project 'Agron')

SwiftCompile normal arm64 /Users/nmop/Documents/Agron\ APP/Agron/Agron/Services/APIService.swift (in target 'Agron' from project 'Agron')
    cd /Users/nmop/Documents/Agron\ APP/Agron
    

SwiftCompile normal arm64 Compiling\ LoginView.swift /Users/nmop/Documents/Agron\ APP/Agron/Agron/Views/Auth/LoginView.swift (in target 'Agron' from project 'Agron')

SwiftCompile normal arm64 /Users/nmop/Documents/Agron\ APP/Agron/Agron/Views/Auth/LoginView.swift (in target 'Agron' from project 'Agron')
    cd /Users/nmop/Documents/Agron\ APP/Agron
    

SwiftCompile normal arm64 Compiling\ MainDashboardView.swift,\ CropCard.swift /Users/nmop/Documents/Agron\ APP/Agron/Agron/Views/Dashboard/MainDashboardView.swift /Users/nmop/Documents/Agron\ APP/Agron/Agron/Views/Components/CropCard.swift (in target 'Agron' from project 'Agron')
Failed frontend command:
/Applications/Xcode.app/Contents/Developer/Toolchains/XcodeDefault.xctoolchain/usr/bin/swift-frontend -frontend -c -primary-file /Users/nmop/Documents/Agron\ APP/Agron/Agron/Views/Dashboard/MainDashboardView.swift /Users/nmop/Documents/Agron\ APP/Agron/Agron/Models/User.swift -primary-file /Users/nmop/Documents/Agron\ APP/Agron/Agron/Views/Components/CropCard.swift /Users/nmop/Documents/Agron\ APP/Agron/Agron/AgronApp.swift /Users/nmop/Documents/Agron\ APP/Agron/Agron/Models/Crop.swift /Users/nmop/Documents/Agron\ APP/Agron/Agron/Views/Order/OrdersView.swift /Users/nmop/Documents/Agron\ APP/Agron/Agron/Views/Order/PlaceOrderView.swift /Users/nmop/Documents/Agron\ APP/Agron/Agron/Views/Onboarding/SubscriptionPage.swift /Users/nmop/Documents/Agron\ APP/Agron/Agron/Models/Order.swift /Users/nmop/Documents/Agron\ APP/Agron/Agron/Views/Dashboard/TransporterDashboardView.swift /Users/nmop/Documents/Agron\ APP/Agron/Agron/Views/Auth/RegisterView.swift /Users/nmop/Documents/Agron\ APP/Agron/Agron/Views/Profile/ProfileView.swift /Users/nmop/Documents/Agron\ APP/Agron/Agron/Views/Order/OrderDetailView.swift /Users/nmop/Documents/Agron\ APP/Agron/Agron/Views/Profile/SubscriptionStatusView.swift /Users/nmop/Documents/Agron\ APP/Agron/Agron/Views/Onboarding/OnboardingView.swift /Users/nmop/Documents/Agron\ APP/Agron/Agron/Views/Crop/AddCropView.swift /Users/nmop/Documents/Agron\ APP/Agron/Agron/ContentView.swift /Users/nmop/Documents/Agron\ APP/Agron/Agron/Models/DeliveryJob.swift /Users/nmop/Documents/Agron\ APP/Agron/Agron/Services/KeychainService.swift /Users/nmop/Documents/Agron\ APP/Agron/Agron/Views/Auth/AuthView.swift /Users/nmop/Documents/Agron\ APP/Agron/Agron/Services/AuthManager.swift /Users/nmop/Documents/Agron\ APP/Agron/Agron/Services/SubscriptionManager.swift /Users/nmop/Documents/Agron\ APP/Agron/Agron/Views/Auth/LoginView.swift /Users/nmop/Documents/Agron\ APP/Agron/Agron/Services/APIService.swift /Users/nmop/Documents/Agron\ APP/Agron/Agron/Views/Dashboard/BuyerDashboardView.swift /Users/nmop/Documents/Agron\ APP/Agron/Agron/Views/Dashboard/FarmerDashboardView.swift /Users/nmop/Documents/Agron\ APP/Agron/Agron/Views/Crop/CropDetailView.swift /Users/nmop/Library/Developer/Xcode/DerivedData/Agron-fixlhtmgfameqwgbayouzkxlpjxs/Build/Intermediates.noindex/Agron.build/Debug-iphonesimulator/Agron.build/DerivedSources/GeneratedAssetSymbols.swift -emit-dependencies-path /Users/nmop/Library/Developer/Xcode/DerivedData/Agron-fixlhtmgfameqwgbayouzkxlpjxs/Build/Intermediates.noindex/Agron.build/Debug-iphonesimulator/Agron.build/Objects-normal/arm64/MainDashboardView.d -emit-const-values-path /Users/nmop/Library/Developer/Xcode/DerivedData/Agron-fixlhtmgfameqwgbayouzkxlpjxs/Build/Intermediates.noindex/Agron.build/Debug-iphonesimulator/Agron.build/Objects-normal/arm64/MainDashboardView.swiftconstvalues -emit-reference-dependencies-path /Users/nmop/Library/Developer/Xcode/DerivedData/Agron-fixlhtmgfameqwgbayouzkxlpjxs/Build/Intermediates.noindex/Agron.build/Debug-iphonesimulator/Agron.build/Objects-normal/arm64/MainDashboardView.swiftdeps -serialize-diagnostics-path /Users/nmop/Library/Developer/Xcode/DerivedData/Agron-fixlhtmgfameqwgbayouzkxlpjxs/Build/Intermediates.noindex/Agron.build/Debug-iphonesimulator/Agron.build/Objects-normal/arm64/MainDashboardView.dia -emit-dependencies-path /Users/nmop/Library/Developer/Xcode/DerivedData/Agron-fixlhtmgfameqwgbayouzkxlpjxs/Build/Intermediates.noindex/Agron.build/Debug-iphonesimulator/Agron.build/Objects-normal/arm64/CropCard.d -emit-const-values-path /Users/nmop/Library/Developer/Xcode/DerivedData/Agron-fixlhtmgfameqwgbayouzkxlpjxs/Build/Intermediates.noindex/Agron.build/Debug-iphonesimulator/Agron.build/Objects-normal/arm64/CropCard.swiftconstvalues -emit-reference-dependencies-path /Users/nmop/Library/Developer/Xcode/DerivedData/Agron-fixlhtmgfameqwgbayouzkxlpjxs/Build/Intermediates.noindex/Agron.build/Debug-iphonesimulator/Agron.build/Objects-normal/arm64/CropCard.swiftdeps -serialize-diagnostics-path /Users/nmop/Library/Developer/Xcode/DerivedData/Agron-fixlhtmgfameqwgbayouzkxlpjxs/Build/Intermediates.noindex/Agron.build/Debug-iphonesimulator/Agron.build/Objects-normal/arm64/CropCard.dia -emit-localized-strings -emit-localized-strings-path /Users/nmop/Library/Developer/Xcode/DerivedData/Agron-fixlhtmgfameqwgbayouzkxlpjxs/Build/Intermediates.noindex/Agron.build/Debug-iphonesimulator/Agron.build/Objects-normal/arm64 -target arm64-apple-ios18.5-simulator -Xllvm -aarch64-use-tbi -enable-objc-interop -sdk /Applications/Xcode.app/Contents/Developer/Platforms/iPhoneSimulator.platform/Developer/SDKs/iPhoneSimulator18.5.sdk -I /Users/nmop/Library/Developer/Xcode/DerivedData/Agron-fixlhtmgfameqwgbayouzkxlpjxs/Build/Products/Debug-iphonesimulator -F /Users/nmop/Library/Developer/Xcode/DerivedData/Agron-fixlhtmgfameqwgbayouzkxlpjxs/Build/Products/Debug-iphonesimulator -no-color-diagnostics -enable-testing -g -debug-info-format\=dwarf -dwarf-version\=5 -module-cache-path /Users/nmop/Library/Developer/Xcode/DerivedData/ModuleCache.noindex -profile-generate -profile-coverage-mapping -swift-version 5 -enforce-exclusivity\=checked -Onone -D DEBUG -serialize-debugging-options -const-gather-protocols-file /Users/nmop/Library/Developer/Xcode/DerivedData/Agron-fixlhtmgfameqwgbayouzkxlpjxs/Build/Intermediates.noindex/Agron.build/Debug-iphonesimulator/Agron.build/Objects-normal/arm64/Agron_const_extract_protocols.json -enable-experimental-feature DebugDescriptionMacro -enable-bare-slash-regex -empty-abi-descriptor -validate-clang-modules-once -clang-build-session-file /Users/nmop/Library/Developer/Xcode/DerivedData/ModuleCache.noindex/Session.modulevalidation -Xcc -working-directory -Xcc /Users/nmop/Documents/Agron\ APP/Agron -resource-dir /Applications/Xcode.app/Contents/Developer/Toolchains/XcodeDefault.xctoolchain/usr/lib/swift -enable-anonymous-context-mangled-names -file-compilation-dir /Users/nmop/Documents/Agron\ APP/Agron -Xcc -ivfsstatcache -Xcc /Users/nmop/Library/Developer/Xcode/DerivedData/SDKStatCaches.noindex/iphonesimulator18.5-22F76-d5fc8ad4295d2ef488fb7d0f804ce0c4.sdkstatcache -Xcc -I/Users/nmop/Library/Developer/Xcode/DerivedData/Agron-fixlhtmgfameqwgbayouzkxlpjxs/Build/Intermediates.noindex/Agron.build/Debug-iphonesimulator/Agron.build/swift-overrides.hmap -Xcc -iquote -Xcc /Users/nmop/Library/Developer/Xcode/DerivedData/Agron-fixlhtmgfameqwgbayouzkxlpjxs/Build/Intermediates.noindex/Agron.build/Debug-iphonesimulator/Agron.build/Agron-generated-files.hmap -Xcc -I/Users/nmop/Library/Developer/Xcode/DerivedData/Agron-fixlhtmgfameqwgbayouzkxlpjxs/Build/Intermediates.noindex/Agron.build/Debug-iphonesimulator/Agron.build/Agron-own-target-headers.hmap -Xcc -I/Users/nmop/Library/Developer/Xcode/DerivedData/Agron-fixlhtmgfameqwgbayouzkxlpjxs/Build/Intermediates.noindex/Agron.build/Debug-iphonesimulator/Agron.build/Agron-all-target-headers.hmap -Xcc -iquote -Xcc /Users/nmop/Library/Developer/Xcode/DerivedData/Agron-fixlhtmgfameqwgbayouzkxlpjxs/Build/Intermediates.noindex/Agron.build/Debug-iphonesimulator/Agron.build/Agron-project-headers.hmap -Xcc -I/Users/nmop/Library/Developer/Xcode/DerivedData/Agron-fixlhtmgfameqwgbayouzkxlpjxs/Build/Products/Debug-iphonesimulator/include -Xcc -I/Users/nmop/Library/Developer/Xcode/DerivedData/Agron-fixlhtmgfameqwgbayouzkxlpjxs/Build/Intermediates.noindex/Agron.build/Debug-iphonesimulator/Agron.build/DerivedSources-normal/arm64 -Xcc -I/Users/nmop/Library/Developer/Xcode/DerivedData/Agron-fixlhtmgfameqwgbayouzkxlpjxs/Build/Intermediates.noindex/Agron.build/Debug-iphonesimulator/Agron.build/DerivedSources/arm64 -Xcc -I/Users/nmop/Library/Developer/Xcode/DerivedData/Agron-fixlhtmgfameqwgbayouzkxlpjxs/Build/Intermediates.noindex/Agron.build/Debug-iphonesimulator/Agron.build/DerivedSources -Xcc -DDEBUG\=1 -module-name Agron -frontend-parseable-output -disable-clang-spi -target-sdk-version 18.5 -target-sdk-name iphonesimulator18.5 -external-plugin-path /Applications/Xcode.app/Contents/Developer/Platforms/iPhoneOS.platform/Developer/usr/lib/swift/host/plugins\#/Applications/Xcode.app/Contents/Developer/Platforms/iPhoneOS.platform/Developer/usr/bin/swift-plugin-server -external-plugin-path /Applications/Xcode.app/Contents/Developer/Platforms/iPhoneOS.platform/Developer/usr/local/lib/swift/host/plugins\#/Applications/Xcode.app/Contents/Developer/Platforms/iPhoneOS.platform/Developer/usr/bin/swift-plugin-server -in-process-plugin-server-path /Applications/Xcode.app/Contents/Developer/Toolchains/XcodeDefault.xctoolchain/usr/lib/swift/host/libSwiftInProcPluginServer.dylib -plugin-path /Applications/Xcode.app/Contents/Developer/Toolchains/XcodeDefault.xctoolchain/usr/lib/swift/host/plugins -plugin-path /Applications/Xcode.app/Contents/Developer/Toolchains/XcodeDefault.xctoolchain/usr/local/lib/swift/host/plugins -o /Users/nmop/Library/Developer/Xcode/DerivedData/Agron-fixlhtmgfameqwgbayouzkxlpjxs/Build/Intermediates.noindex/Agron.build/Debug-iphonesimulator/Agron.build/Objects-normal/arm64/MainDashboardView.o -o /Users/nmop/Library/Developer/Xcode/DerivedData/Agron-fixlhtmgfameqwgbayouzkxlpjxs/Build/Intermediates.noindex/Agron.build/Debug-iphonesimulator/Agron.build/Objects-normal/arm64/CropCard.o -index-unit-output-path /Agron.build/Debug-iphonesimulator/Agron.build/Objects-normal/arm64/MainDashboardView.o -index-unit-output-path /Agron.build/Debug-iphonesimulator/Agron.build/Objects-normal/arm64/CropCard.o -index-store-path /Users/nmop/Library/Developer/Xcode/DerivedData/Agron-fixlhtmgfameqwgbayouzkxlpjxs/Index.noindex/DataStore -index-system-modules

SwiftCompile normal arm64 /Users/nmop/Documents/Agron\ APP/Agron/Agron/Views/Dashboard/MainDashboardView.swift (in target 'Agron' from project 'Agron')
    cd /Users/nmop/Documents/Agron\ APP/Agron
    

SwiftCompile normal arm64 /Users/nmop/Documents/Agron\ APP/Agron/Agron/Views/Components/CropCard.swift (in target 'Agron' from project 'Agron')
    cd /Users/nmop/Documents/Agron\ APP/Agron
    
/Users/nmop/Documents/Agron APP/Agron/Agron/Views/Components/CropCard.swift:27:51: error: value of type 'CropStatus' has no member 'color'
                    .background(Color(crop.status.color).opacity(0.2))
                                      ~~~~~~~~~~~ ^~~~~
/Users/nmop/Documents/Agron APP/Agron/Agron/Views/Components/CropCard.swift:28:56: error: value of type 'CropStatus' has no member 'color'
                    .foregroundColor(Color(crop.status.color))
                                           ~~~~~~~~~~~ ^~~~~

SwiftCompile normal arm64 Compiling\ SubscriptionStatusView.swift /Users/nmop/Documents/Agron\ APP/Agron/Agron/Views/Profile/SubscriptionStatusView.swift (in target 'Agron' from project 'Agron')

SwiftCompile normal arm64 /Users/nmop/Documents/Agron\ APP/Agron/Agron/Views/Profile/SubscriptionStatusView.swift (in target 'Agron' from project 'Agron')
    cd /Users/nmop/Documents/Agron\ APP/Agron
    

SwiftDriverJobDiscovery normal arm64 Compiling DeliveryJob.swift (in target 'Agron' from project 'Agron')

SwiftDriverJobDiscovery normal arm64 Compiling APIService.swift (in target 'Agron' from project 'Agron')

SwiftCompile normal arm64 Compiling\ TransporterDashboardView.swift /Users/nmop/Documents/Agron\ APP/Agron/Agron/Views/Dashboard/TransporterDashboardView.swift (in target 'Agron' from project 'Agron')

SwiftCompile normal arm64 /Users/nmop/Documents/Agron\ APP/Agron/Agron/Views/Dashboard/TransporterDashboardView.swift (in target 'Agron' from project 'Agron')
    cd /Users/nmop/Documents/Agron\ APP/Agron
    

SwiftCompile normal arm64 Compiling\ BuyerDashboardView.swift /Users/nmop/Documents/Agron\ APP/Agron/Agron/Views/Dashboard/BuyerDashboardView.swift (in target 'Agron' from project 'Agron')

SwiftCompile normal arm64 /Users/nmop/Documents/Agron\ APP/Agron/Agron/Views/Dashboard/BuyerDashboardView.swift (in target 'Agron' from project 'Agron')
    cd /Users/nmop/Documents/Agron\ APP/Agron
    
/Users/nmop/Documents/Agron APP/Agron/Agron/Views/Dashboard/BuyerDashboardView.swift:144:10: warning: 'onChange(of:perform:)' was deprecated in iOS 17.0: Use `onChange` with a two or zero parameter action closure instead.
        .onChange(of: searchText) { _ in
         ^

SwiftDriverJobDiscovery normal arm64 Emitting module for Agron (in target 'Agron' from project 'Agron')

SwiftDriver\ Compilation\ Requirements Agron normal arm64 com.apple.xcode.tools.swift.compiler (in target 'Agron' from project 'Agron')
    cd /Users/nmop/Documents/Agron\ APP/Agron
    builtin-Swift-Compilation-Requirements -- /Applications/Xcode.app/Contents/Developer/Toolchains/XcodeDefault.xctoolchain/usr/bin/swiftc -module-name Agron -Onone -enforce-exclusivity\=checked @/Users/nmop/Library/Developer/Xcode/DerivedData/Agron-fixlhtmgfameqwgbayouzkxlpjxs/Build/Intermediates.noindex/Agron.build/Debug-iphonesimulator/Agron.build/Objects-normal/arm64/Agron.SwiftFileList -DDEBUG -enable-bare-slash-regex -enable-experimental-feature DebugDescriptionMacro -sdk /Applications/Xcode.app/Contents/Developer/Platforms/iPhoneSimulator.platform/Developer/SDKs/iPhoneSimulator18.5.sdk -target arm64-apple-ios18.5-simulator -g -module-cache-path /Users/nmop/Library/Developer/Xcode/DerivedData/ModuleCache.noindex -Xfrontend -serialize-debugging-options -profile-coverage-mapping -profile-generate -enable-testing -index-store-path /Users/nmop/Library/Developer/Xcode/DerivedData/Agron-fixlhtmgfameqwgbayouzkxlpjxs/Index.noindex/DataStore -swift-version 5 -I /Users/nmop/Library/Developer/Xcode/DerivedData/Agron-fixlhtmgfameqwgbayouzkxlpjxs/Build/Products/Debug-iphonesimulator -F /Users/nmop/Library/Developer/Xcode/DerivedData/Agron-fixlhtmgfameqwgbayouzkxlpjxs/Build/Products/Debug-iphonesimulator -emit-localized-strings -emit-localized-strings-path /Users/nmop/Library/Developer/Xcode/DerivedData/Agron-fixlhtmgfameqwgbayouzkxlpjxs/Build/Intermediates.noindex/Agron.build/Debug-iphonesimulator/Agron.build/Objects-normal/arm64 -c -j8 -enable-batch-mode -incremental -Xcc -ivfsstatcache -Xcc /Users/nmop/Library/Developer/Xcode/DerivedData/SDKStatCaches.noindex/iphonesimulator18.5-22F76-d5fc8ad4295d2ef488fb7d0f804ce0c4.sdkstatcache -output-file-map /Users/nmop/Library/Developer/Xcode/DerivedData/Agron-fixlhtmgfameqwgbayouzkxlpjxs/Build/Intermediates.noindex/Agron.build/Debug-iphonesimulator/Agron.build/Objects-normal/arm64/Agron-OutputFileMap.json -use-frontend-parseable-output -save-temps -no-color-diagnostics -serialize-diagnostics -emit-dependencies -emit-module -emit-module-path /Users/nmop/Library/Developer/Xcode/DerivedData/Agron-fixlhtmgfameqwgbayouzkxlpjxs/Build/Intermediates.noindex/Agron.build/Debug-iphonesimulator/Agron.build/Objects-normal/arm64/Agron.swiftmodule -validate-clang-modules-once -clang-build-session-file /Users/nmop/Library/Developer/Xcode/DerivedData/ModuleCache.noindex/Session.modulevalidation -Xcc -I/Users/nmop/Library/Developer/Xcode/DerivedData/Agron-fixlhtmgfameqwgbayouzkxlpjxs/Build/Intermediates.noindex/Agron.build/Debug-iphonesimulator/Agron.build/swift-overrides.hmap -emit-const-values -Xfrontend -const-gather-protocols-file -Xfrontend /Users/nmop/Library/Developer/Xcode/DerivedData/Agron-fixlhtmgfameqwgbayouzkxlpjxs/Build/Intermediates.noindex/Agron.build/Debug-iphonesimulator/Agron.build/Objects-normal/arm64/Agron_const_extract_protocols.json -Xcc -iquote -Xcc /Users/nmop/Library/Developer/Xcode/DerivedData/Agron-fixlhtmgfameqwgbayouzkxlpjxs/Build/Intermediates.noindex/Agron.build/Debug-iphonesimulator/Agron.build/Agron-generated-files.hmap -Xcc -I/Users/nmop/Library/Developer/Xcode/DerivedData/Agron-fixlhtmgfameqwgbayouzkxlpjxs/Build/Intermediates.noindex/Agron.build/Debug-iphonesimulator/Agron.build/Agron-own-target-headers.hmap -Xcc -I/Users/nmop/Library/Developer/Xcode/DerivedData/Agron-fixlhtmgfameqwgbayouzkxlpjxs/Build/Intermediates.noindex/Agron.build/Debug-iphonesimulator/Agron.build/Agron-all-target-headers.hmap -Xcc -iquote -Xcc /Users/nmop/Library/Developer/Xcode/DerivedData/Agron-fixlhtmgfameqwgbayouzkxlpjxs/Build/Intermediates.noindex/Agron.build/Debug-iphonesimulator/Agron.build/Agron-project-headers.hmap -Xcc -I/Users/nmop/Library/Developer/Xcode/DerivedData/Agron-fixlhtmgfameqwgbayouzkxlpjxs/Build/Products/Debug-iphonesimulator/include -Xcc -I/Users/nmop/Library/Developer/Xcode/DerivedData/Agron-fixlhtmgfameqwgbayouzkxlpjxs/Build/Intermediates.noindex/Agron.build/Debug-iphonesimulator/Agron.build/DerivedSources-normal/arm64 -Xcc -I/Users/nmop/Library/Developer/Xcode/DerivedData/Agron-fixlhtmgfameqwgbayouzkxlpjxs/Build/Intermediates.noindex/Agron.build/Debug-iphonesimulator/Agron.build/DerivedSources/arm64 -Xcc -I/Users/nmop/Library/Developer/Xcode/DerivedData/Agron-fixlhtmgfameqwgbayouzkxlpjxs/Build/Intermediates.noindex/Agron.build/Debug-iphonesimulator/Agron.build/DerivedSources -Xcc -DDEBUG\=1 -emit-objc-header -emit-objc-header-path /Users/nmop/Library/Developer/Xcode/DerivedData/Agron-fixlhtmgfameqwgbayouzkxlpjxs/Build/Intermediates.noindex/Agron.build/Debug-iphonesimulator/Agron.build/Objects-normal/arm64/Agron-Swift.h -working-directory /Users/nmop/Documents/Agron\ APP/Agron -experimental-emit-module-separately -disable-cmo

SwiftCompile normal arm64 Compiling\ AddCropView.swift /Users/nmop/Documents/Agron\ APP/Agron/Agron/Views/Crop/AddCropView.swift (in target 'Agron' from project 'Agron')

SwiftCompile normal arm64 /Users/nmop/Documents/Agron\ APP/Agron/Agron/Views/Crop/AddCropView.swift (in target 'Agron' from project 'Agron')
    cd /Users/nmop/Documents/Agron\ APP/Agron
    

SwiftDriverJobDiscovery normal arm64 Compiling LoginView.swift (in target 'Agron' from project 'Agron')

Copy /Users/nmop/Library/Developer/Xcode/DerivedData/Agron-fixlhtmgfameqwgbayouzkxlpjxs/Build/Products/Debug-iphonesimulator/Agron.swiftmodule/arm64-apple-ios-simulator.swiftmodule /Users/nmop/Library/Developer/Xcode/DerivedData/Agron-fixlhtmgfameqwgbayouzkxlpjxs/Build/Intermediates.noindex/Agron.build/Debug-iphonesimulator/Agron.build/Objects-normal/arm64/Agron.swiftmodule (in target 'Agron' from project 'Agron')
    cd /Users/nmop/Documents/Agron\ APP/Agron
    builtin-copy -exclude .DS_Store -exclude CVS -exclude .svn -exclude .git -exclude .hg -resolve-src-symlinks -rename /Users/nmop/Library/Developer/Xcode/DerivedData/Agron-fixlhtmgfameqwgbayouzkxlpjxs/Build/Intermediates.noindex/Agron.build/Debug-iphonesimulator/Agron.build/Objects-normal/arm64/Agron.swiftmodule /Users/nmop/Library/Developer/Xcode/DerivedData/Agron-fixlhtmgfameqwgbayouzkxlpjxs/Build/Products/Debug-iphonesimulator/Agron.swiftmodule/arm64-apple-ios-simulator.swiftmodule

SwiftDriverJobDiscovery normal arm64 Compiling OrdersView.swift, Order.swift (in target 'Agron' from project 'Agron')

Copy /Users/nmop/Library/Developer/Xcode/DerivedData/Agron-fixlhtmgfameqwgbayouzkxlpjxs/Build/Products/Debug-iphonesimulator/Agron.swiftmodule/arm64-apple-ios-simulator.abi.json /Users/nmop/Library/Developer/Xcode/DerivedData/Agron-fixlhtmgfameqwgbayouzkxlpjxs/Build/Intermediates.noindex/Agron.build/Debug-iphonesimulator/Agron.build/Objects-normal/arm64/Agron.abi.json (in target 'Agron' from project 'Agron')
    cd /Users/nmop/Documents/Agron\ APP/Agron
    builtin-copy -exclude .DS_Store -exclude CVS -exclude .svn -exclude .git -exclude .hg -resolve-src-symlinks -rename /Users/nmop/Library/Developer/Xcode/DerivedData/Agron-fixlhtmgfameqwgbayouzkxlpjxs/Build/Intermediates.noindex/Agron.build/Debug-iphonesimulator/Agron.build/Objects-normal/arm64/Agron.abi.json /Users/nmop/Library/Developer/Xcode/DerivedData/Agron-fixlhtmgfameqwgbayouzkxlpjxs/Build/Products/Debug-iphonesimulator/Agron.swiftmodule/arm64-apple-ios-simulator.abi.json

Copy /Users/nmop/Library/Developer/Xcode/DerivedData/Agron-fixlhtmgfameqwgbayouzkxlpjxs/Build/Products/Debug-iphonesimulator/Agron.swiftmodule/Project/arm64-apple-ios-simulator.swiftsourceinfo /Users/nmop/Library/Developer/Xcode/DerivedData/Agron-fixlhtmgfameqwgbayouzkxlpjxs/Build/Intermediates.noindex/Agron.build/Debug-iphonesimulator/Agron.build/Objects-normal/arm64/Agron.swiftsourceinfo (in target 'Agron' from project 'Agron')
    cd /Users/nmop/Documents/Agron\ APP/Agron
    builtin-copy -exclude .DS_Store -exclude CVS -exclude .svn -exclude .git -exclude .hg -resolve-src-symlinks -rename /Users/nmop/Library/Developer/Xcode/DerivedData/Agron-fixlhtmgfameqwgbayouzkxlpjxs/Build/Intermediates.noindex/Agron.build/Debug-iphonesimulator/Agron.build/Objects-normal/arm64/Agron.swiftsourceinfo /Users/nmop/Library/Developer/Xcode/DerivedData/Agron-fixlhtmgfameqwgbayouzkxlpjxs/Build/Products/Debug-iphonesimulator/Agron.swiftmodule/Project/arm64-apple-ios-simulator.swiftsourceinfo

SwiftCompile normal arm64 Compiling\ AuthView.swift /Users/nmop/Documents/Agron\ APP/Agron/Agron/Views/Auth/AuthView.swift (in target 'Agron' from project 'Agron')

SwiftCompile normal arm64 /Users/nmop/Documents/Agron\ APP/Agron/Agron/Views/Auth/AuthView.swift (in target 'Agron' from project 'Agron')
    cd /Users/nmop/Documents/Agron\ APP/Agron
    

SwiftCompile normal arm64 Compiling\ OnboardingView.swift /Users/nmop/Documents/Agron\ APP/Agron/Agron/Views/Onboarding/OnboardingView.swift (in target 'Agron' from project 'Agron')

SwiftCompile normal arm64 /Users/nmop/Documents/Agron\ APP/Agron/Agron/Views/Onboarding/OnboardingView.swift (in target 'Agron' from project 'Agron')
    cd /Users/nmop/Documents/Agron\ APP/Agron
    

SwiftDriverJobDiscovery normal arm64 Compiling SubscriptionStatusView.swift (in target 'Agron' from project 'Agron')

SwiftCompile normal arm64 Compiling\ SubscriptionPage.swift /Users/nmop/Documents/Agron\ APP/Agron/Agron/Views/Onboarding/SubscriptionPage.swift (in target 'Agron' from project 'Agron')

SwiftCompile normal arm64 /Users/nmop/Documents/Agron\ APP/Agron/Agron/Views/Onboarding/SubscriptionPage.swift (in target 'Agron' from project 'Agron')
    cd /Users/nmop/Documents/Agron\ APP/Agron
    

SwiftDriverJobDiscovery normal arm64 Compiling BuyerDashboardView.swift (in target 'Agron' from project 'Agron')

SwiftCompile normal arm64 Compiling\ ProfileView.swift /Users/nmop/Documents/Agron\ APP/Agron/Agron/Views/Profile/ProfileView.swift (in target 'Agron' from project 'Agron')

SwiftCompile normal arm64 /Users/nmop/Documents/Agron\ APP/Agron/Agron/Views/Profile/ProfileView.swift (in target 'Agron' from project 'Agron')
    cd /Users/nmop/Documents/Agron\ APP/Agron
    

SwiftDriverJobDiscovery normal arm64 Compiling TransporterDashboardView.swift (in target 'Agron' from project 'Agron')

SwiftCompile normal arm64 Compiling\ AuthManager.swift /Users/nmop/Documents/Agron\ APP/Agron/Agron/Services/AuthManager.swift (in target 'Agron' from project 'Agron')

SwiftCompile normal arm64 /Users/nmop/Documents/Agron\ APP/Agron/Agron/Services/AuthManager.swift (in target 'Agron' from project 'Agron')
    cd /Users/nmop/Documents/Agron\ APP/Agron
    

SwiftDriverJobDiscovery normal arm64 Compiling OnboardingView.swift (in target 'Agron' from project 'Agron')

SwiftCompile normal arm64 Compiling\ ContentView.swift /Users/nmop/Documents/Agron\ APP/Agron/Agron/ContentView.swift (in target 'Agron' from project 'Agron')
Command SwiftCompile failed with a nonzero exit code

